<?xml version="1.0" encoding="UTF-8"?>
<!-- Generated by org.testng.reporters.JUnitReportReporter -->
<testsuite hostname="AMTMY3-RAHULSONAWANEXPS" name="mutiplebrowser.MultiBrowser" tests="2" failures="0" timestamp="10 Jul 2019 02:14:27 GMT" time="0.016" errors="0">
  <testcase name="testScenarios" time="0.011" classname="mutiplebrowser.MultiBrowser"/>
  <testcase name="testScenarios" time="0.005" classname="mutiplebrowser.MultiBrowser"/>
</testsuite> <!-- mutiplebrowser.MultiBrowser -->
